                              1 ; NOTE!!!
                              2 ; IF USED IN 'C' YOU MIGHT NEED TO SAVE SOME REGS WHEN CALLING
                              3 ; YOUR FUNCTIONS, LIKE REG 'U' and 'Y'!
                              4 ; ALSO CHECK YOUR DP SETTINGS, BELOW DP = D0 is assumed!
                              5  .module throne.asx.s
                              6  .area .text
                              7 ; Song New song, in AKY version 1.0, generated by Arkos Tracker 2.
                              8  .globl Throne_Subsong0
   0000                       9 Throne_Subsong0:
                             10  .globl Throne_Subsong0DisarkGenerateExternalLabel
   0000                      11 Throne_Subsong0DisarkGenerateExternalLabel:
                             12 ; Header
                             13  .globl _Throne_Subsong0DisarkByteRegionStart0
   0000                      14 _Throne_Subsong0DisarkByteRegionStart0:
   0000 80                   15 	.byte 128	; Format version: 0 and endianness: little-endian.
   0001 03                   16 	.byte 3	; How many channels are encoded.
                             17 ; Frequency of the PSG index 0: 1500000Hz.
   0002 60 E3 16 00          18 	.byte 96, 227, 22, 0
                             19  .globl Throne_Subsong0DisarkByteRegionEnd0
   0006                      20 Throne_Subsong0DisarkByteRegionEnd0:
                             21  .globl Throne_Subsong0_Linker
   0006                      22 Throne_Subsong0_Linker:
                             23  .globl Throne_Subsong0DisarkPointerRegionStart1
   0006                      24 Throne_Subsong0DisarkPointerRegionStart1:
                             25 ; Pattern 0
                             26  .globl Throne_Subsong0_LinkerLoop
   0006                      27 Throne_Subsong0_LinkerLoop:	; Loops here.
                             28  .globl _Throne_Subsong0DisarkWordForceNonReference2
   0006                      29 _Throne_Subsong0DisarkWordForceNonReference2:
   0006 01 F0                30 	.word 496	; Duration in frames.
   0008 00 12                31 	.word Throne_Subsong0_Track_0
   000A 00 69                32 	.word Throne_Subsong0_Track_2
   000C 00 69                33 	.word Throne_Subsong0_Track_2
                             34  .globl _Throne_Subsong0DisarkWordForceNonReference3
   000E                      35 _Throne_Subsong0DisarkWordForceNonReference3:
   000E 00 00                36 	.word 0	; Loops (duration = 0).
   0010 00 00                37 	.word 0	; Loops (duration = 0).
                             38 ;	.word Throne_Subsong0_LinkerLoop
                             39  .globl Throne_Subsong0DisarkPointerRegionEnd1
   0012                      40 Throne_Subsong0DisarkPointerRegionEnd1:
                             41 ; The tracks.
                             42  .globl Throne_Subsong0_Track_0
   0012                      43 Throne_Subsong0_Track_0:
                             44  .globl _Throne_Subsong0DisarkByteRegionStart4
   0012                      45 _Throne_Subsong0DisarkByteRegionStart4:
   0012 10                   46 	.byte 16	; Duration.
                             47  .globl Throne_Subsong0DisarkByteRegionEnd4
   0013                      48 Throne_Subsong0DisarkByteRegionEnd4:
                             49  .globl _Throne_Subsong0DisarkPointerRegionStart5
   0013                      50 _Throne_Subsong0DisarkPointerRegionStart5:
   0013 01 18                51 	.word _Throne_Subsong0_RegisterBlock_0
                             52  .globl Throne_Subsong0DisarkPointerRegionEnd5
   0015                      53 Throne_Subsong0DisarkPointerRegionEnd5:
                             54  .globl _Throne_Subsong0DisarkByteRegionStart6
   0015                      55 _Throne_Subsong0DisarkByteRegionStart6:
   0015 10                   56 	.byte 16	; Duration.
                             57  .globl Throne_Subsong0DisarkByteRegionEnd6
   0016                      58 Throne_Subsong0DisarkByteRegionEnd6:
                             59  .globl _Throne_Subsong0DisarkPointerRegionStart7
   0016                      60 _Throne_Subsong0DisarkPointerRegionStart7:
   0016 01 48                61 	.word _Throne_Subsong0_RegisterBlock_1
                             62  .globl Throne_Subsong0DisarkPointerRegionEnd7
   0018                      63 Throne_Subsong0DisarkPointerRegionEnd7:
                             64  .globl _Throne_Subsong0DisarkByteRegionStart8
   0018                      65 _Throne_Subsong0DisarkByteRegionStart8:
   0018 10                   66 	.byte 16	; Duration.
                             67  .globl Throne_Subsong0DisarkByteRegionEnd8
   0019                      68 Throne_Subsong0DisarkByteRegionEnd8:
                             69  .globl _Throne_Subsong0DisarkPointerRegionStart9
   0019                      70 _Throne_Subsong0DisarkPointerRegionStart9:
   0019 01 78                71 	.word _Throne_Subsong0_RegisterBlock_2
                             72  .globl Throne_Subsong0DisarkPointerRegionEnd9
   001B                      73 Throne_Subsong0DisarkPointerRegionEnd9:
                             74  .globl _Throne_Subsong0DisarkByteRegionStart10
   001B                      75 _Throne_Subsong0DisarkByteRegionStart10:
   001B 10                   76 	.byte 16	; Duration.
                             77  .globl Throne_Subsong0DisarkByteRegionEnd10
   001C                      78 Throne_Subsong0DisarkByteRegionEnd10:
                             79  .globl _Throne_Subsong0DisarkPointerRegionStart11
   001C                      80 _Throne_Subsong0DisarkPointerRegionStart11:
   001C 00 74                81 	.word _Throne_Subsong0_RegisterBlock_12
                             82  .globl Throne_Subsong0DisarkPointerRegionEnd11
   001E                      83 Throne_Subsong0DisarkPointerRegionEnd11:
                             84  .globl _Throne_Subsong0DisarkByteRegionStart12
   001E                      85 _Throne_Subsong0DisarkByteRegionStart12:
   001E 10                   86 	.byte 16	; Duration.
                             87  .globl Throne_Subsong0DisarkByteRegionEnd12
   001F                      88 Throne_Subsong0DisarkByteRegionEnd12:
                             89  .globl _Throne_Subsong0DisarkPointerRegionStart13
   001F                      90 _Throne_Subsong0DisarkPointerRegionStart13:
   001F 00 C6                91 	.word _Throne_Subsong0_RegisterBlock_28
                             92  .globl Throne_Subsong0DisarkPointerRegionEnd13
   0021                      93 Throne_Subsong0DisarkPointerRegionEnd13:
                             94  .globl _Throne_Subsong0DisarkByteRegionStart14
   0021                      95 _Throne_Subsong0DisarkByteRegionStart14:
   0021 10                   96 	.byte 16	; Duration.
                             97  .globl Throne_Subsong0DisarkByteRegionEnd14
   0022                      98 Throne_Subsong0DisarkByteRegionEnd14:
                             99  .globl _Throne_Subsong0DisarkPointerRegionStart15
   0022                     100 _Throne_Subsong0DisarkPointerRegionStart15:
   0022 01 78               101 	.word _Throne_Subsong0_RegisterBlock_2
                            102  .globl Throne_Subsong0DisarkPointerRegionEnd15
   0024                     103 Throne_Subsong0DisarkPointerRegionEnd15:
                            104  .globl _Throne_Subsong0DisarkByteRegionStart16
   0024                     105 _Throne_Subsong0DisarkByteRegionStart16:
   0024 10                  106 	.byte 16	; Duration.
                            107  .globl Throne_Subsong0DisarkByteRegionEnd16
   0025                     108 Throne_Subsong0DisarkByteRegionEnd16:
                            109  .globl _Throne_Subsong0DisarkPointerRegionStart17
   0025                     110 _Throne_Subsong0DisarkPointerRegionStart17:
   0025 00 C6               111 	.word _Throne_Subsong0_RegisterBlock_28
                            112  .globl Throne_Subsong0DisarkPointerRegionEnd17
   0027                     113 Throne_Subsong0DisarkPointerRegionEnd17:
                            114  .globl _Throne_Subsong0DisarkByteRegionStart18
   0027                     115 _Throne_Subsong0DisarkByteRegionStart18:
   0027 10                  116 	.byte 16	; Duration.
                            117  .globl Throne_Subsong0DisarkByteRegionEnd18
   0028                     118 Throne_Subsong0DisarkByteRegionEnd18:
                            119  .globl _Throne_Subsong0DisarkPointerRegionStart19
   0028                     120 _Throne_Subsong0DisarkPointerRegionStart19:
   0028 00 74               121 	.word _Throne_Subsong0_RegisterBlock_12
                            122  .globl Throne_Subsong0DisarkPointerRegionEnd19
   002A                     123 Throne_Subsong0DisarkPointerRegionEnd19:
                            124  .globl _Throne_Subsong0DisarkByteRegionStart20
   002A                     125 _Throne_Subsong0DisarkByteRegionStart20:
   002A 10                  126 	.byte 16	; Duration.
                            127  .globl Throne_Subsong0DisarkByteRegionEnd20
   002B                     128 Throne_Subsong0DisarkByteRegionEnd20:
                            129  .globl _Throne_Subsong0DisarkPointerRegionStart21
   002B                     130 _Throne_Subsong0DisarkPointerRegionStart21:
   002B 01 48               131 	.word _Throne_Subsong0_RegisterBlock_1
                            132  .globl Throne_Subsong0DisarkPointerRegionEnd21
   002D                     133 Throne_Subsong0DisarkPointerRegionEnd21:
                            134  .globl _Throne_Subsong0DisarkByteRegionStart22
   002D                     135 _Throne_Subsong0DisarkByteRegionStart22:
   002D 10                  136 	.byte 16	; Duration.
                            137  .globl Throne_Subsong0DisarkByteRegionEnd22
   002E                     138 Throne_Subsong0DisarkByteRegionEnd22:
                            139  .globl _Throne_Subsong0DisarkPointerRegionStart23
   002E                     140 _Throne_Subsong0DisarkPointerRegionStart23:
   002E 00 C6               141 	.word _Throne_Subsong0_RegisterBlock_28
                            142  .globl Throne_Subsong0DisarkPointerRegionEnd23
   0030                     143 Throne_Subsong0DisarkPointerRegionEnd23:
                            144  .globl _Throne_Subsong0DisarkByteRegionStart24
   0030                     145 _Throne_Subsong0DisarkByteRegionStart24:
   0030 10                  146 	.byte 16	; Duration.
                            147  .globl Throne_Subsong0DisarkByteRegionEnd24
   0031                     148 Throne_Subsong0DisarkByteRegionEnd24:
                            149  .globl _Throne_Subsong0DisarkPointerRegionStart25
   0031                     150 _Throne_Subsong0DisarkPointerRegionStart25:
   0031 00 74               151 	.word _Throne_Subsong0_RegisterBlock_12
                            152  .globl Throne_Subsong0DisarkPointerRegionEnd25
   0033                     153 Throne_Subsong0DisarkPointerRegionEnd25:
                            154  .globl _Throne_Subsong0DisarkByteRegionStart26
   0033                     155 _Throne_Subsong0DisarkByteRegionStart26:
   0033 10                  156 	.byte 16	; Duration.
                            157  .globl Throne_Subsong0DisarkByteRegionEnd26
   0034                     158 Throne_Subsong0DisarkByteRegionEnd26:
                            159  .globl _Throne_Subsong0DisarkPointerRegionStart27
   0034                     160 _Throne_Subsong0DisarkPointerRegionStart27:
   0034 01 48               161 	.word _Throne_Subsong0_RegisterBlock_1
                            162  .globl Throne_Subsong0DisarkPointerRegionEnd27
   0036                     163 Throne_Subsong0DisarkPointerRegionEnd27:
                            164  .globl _Throne_Subsong0DisarkByteRegionStart28
   0036                     165 _Throne_Subsong0DisarkByteRegionStart28:
   0036 20                  166 	.byte 32	; Duration.
                            167  .globl Throne_Subsong0DisarkByteRegionEnd28
   0037                     168 Throne_Subsong0DisarkByteRegionEnd28:
                            169  .globl _Throne_Subsong0DisarkPointerRegionStart29
   0037                     170 _Throne_Subsong0DisarkPointerRegionStart29:
   0037 00 74               171 	.word _Throne_Subsong0_RegisterBlock_12
                            172  .globl Throne_Subsong0DisarkPointerRegionEnd29
   0039                     173 Throne_Subsong0DisarkPointerRegionEnd29:
                            174  .globl _Throne_Subsong0DisarkByteRegionStart30
   0039                     175 _Throne_Subsong0DisarkByteRegionStart30:
   0039 10                  176 	.byte 16	; Duration.
                            177  .globl Throne_Subsong0DisarkByteRegionEnd30
   003A                     178 Throne_Subsong0DisarkByteRegionEnd30:
                            179  .globl _Throne_Subsong0DisarkPointerRegionStart31
   003A                     180 _Throne_Subsong0DisarkPointerRegionStart31:
   003A 01 18               181 	.word _Throne_Subsong0_RegisterBlock_0
                            182  .globl Throne_Subsong0DisarkPointerRegionEnd31
   003C                     183 Throne_Subsong0DisarkPointerRegionEnd31:
                            184  .globl _Throne_Subsong0DisarkByteRegionStart32
   003C                     185 _Throne_Subsong0DisarkByteRegionStart32:
   003C 10                  186 	.byte 16	; Duration.
                            187  .globl Throne_Subsong0DisarkByteRegionEnd32
   003D                     188 Throne_Subsong0DisarkByteRegionEnd32:
                            189  .globl _Throne_Subsong0DisarkPointerRegionStart33
   003D                     190 _Throne_Subsong0DisarkPointerRegionStart33:
   003D 01 48               191 	.word _Throne_Subsong0_RegisterBlock_1
                            192  .globl Throne_Subsong0DisarkPointerRegionEnd33
   003F                     193 Throne_Subsong0DisarkPointerRegionEnd33:
                            194  .globl _Throne_Subsong0DisarkByteRegionStart34
   003F                     195 _Throne_Subsong0DisarkByteRegionStart34:
   003F 10                  196 	.byte 16	; Duration.
                            197  .globl Throne_Subsong0DisarkByteRegionEnd34
   0040                     198 Throne_Subsong0DisarkByteRegionEnd34:
                            199  .globl _Throne_Subsong0DisarkPointerRegionStart35
   0040                     200 _Throne_Subsong0DisarkPointerRegionStart35:
   0040 01 78               201 	.word _Throne_Subsong0_RegisterBlock_2
                            202  .globl Throne_Subsong0DisarkPointerRegionEnd35
   0042                     203 Throne_Subsong0DisarkPointerRegionEnd35:
                            204  .globl _Throne_Subsong0DisarkByteRegionStart36
   0042                     205 _Throne_Subsong0DisarkByteRegionStart36:
   0042 10                  206 	.byte 16	; Duration.
                            207  .globl Throne_Subsong0DisarkByteRegionEnd36
   0043                     208 Throne_Subsong0DisarkByteRegionEnd36:
                            209  .globl _Throne_Subsong0DisarkPointerRegionStart37
   0043                     210 _Throne_Subsong0DisarkPointerRegionStart37:
   0043 00 74               211 	.word _Throne_Subsong0_RegisterBlock_12
                            212  .globl Throne_Subsong0DisarkPointerRegionEnd37
   0045                     213 Throne_Subsong0DisarkPointerRegionEnd37:
                            214  .globl _Throne_Subsong0DisarkByteRegionStart38
   0045                     215 _Throne_Subsong0DisarkByteRegionStart38:
   0045 10                  216 	.byte 16	; Duration.
                            217  .globl Throne_Subsong0DisarkByteRegionEnd38
   0046                     218 Throne_Subsong0DisarkByteRegionEnd38:
                            219  .globl _Throne_Subsong0DisarkPointerRegionStart39
   0046                     220 _Throne_Subsong0DisarkPointerRegionStart39:
   0046 00 C6               221 	.word _Throne_Subsong0_RegisterBlock_28
                            222  .globl Throne_Subsong0DisarkPointerRegionEnd39
   0048                     223 Throne_Subsong0DisarkPointerRegionEnd39:
                            224  .globl _Throne_Subsong0DisarkByteRegionStart40
   0048                     225 _Throne_Subsong0DisarkByteRegionStart40:
   0048 10                  226 	.byte 16	; Duration.
                            227  .globl Throne_Subsong0DisarkByteRegionEnd40
   0049                     228 Throne_Subsong0DisarkByteRegionEnd40:
                            229  .globl _Throne_Subsong0DisarkPointerRegionStart41
   0049                     230 _Throne_Subsong0DisarkPointerRegionStart41:
   0049 01 78               231 	.word _Throne_Subsong0_RegisterBlock_2
                            232  .globl Throne_Subsong0DisarkPointerRegionEnd41
   004B                     233 Throne_Subsong0DisarkPointerRegionEnd41:
                            234  .globl _Throne_Subsong0DisarkByteRegionStart42
   004B                     235 _Throne_Subsong0DisarkByteRegionStart42:
   004B 10                  236 	.byte 16	; Duration.
                            237  .globl Throne_Subsong0DisarkByteRegionEnd42
   004C                     238 Throne_Subsong0DisarkByteRegionEnd42:
                            239  .globl _Throne_Subsong0DisarkPointerRegionStart43
   004C                     240 _Throne_Subsong0DisarkPointerRegionStart43:
   004C 00 C6               241 	.word _Throne_Subsong0_RegisterBlock_28
                            242  .globl Throne_Subsong0DisarkPointerRegionEnd43
   004E                     243 Throne_Subsong0DisarkPointerRegionEnd43:
                            244  .globl _Throne_Subsong0DisarkByteRegionStart44
   004E                     245 _Throne_Subsong0DisarkByteRegionStart44:
   004E 10                  246 	.byte 16	; Duration.
                            247  .globl Throne_Subsong0DisarkByteRegionEnd44
   004F                     248 Throne_Subsong0DisarkByteRegionEnd44:
                            249  .globl _Throne_Subsong0DisarkPointerRegionStart45
   004F                     250 _Throne_Subsong0DisarkPointerRegionStart45:
   004F 00 74               251 	.word _Throne_Subsong0_RegisterBlock_12
                            252  .globl Throne_Subsong0DisarkPointerRegionEnd45
   0051                     253 Throne_Subsong0DisarkPointerRegionEnd45:
                            254  .globl _Throne_Subsong0DisarkByteRegionStart46
   0051                     255 _Throne_Subsong0DisarkByteRegionStart46:
   0051 10                  256 	.byte 16	; Duration.
                            257  .globl Throne_Subsong0DisarkByteRegionEnd46
   0052                     258 Throne_Subsong0DisarkByteRegionEnd46:
                            259  .globl _Throne_Subsong0DisarkPointerRegionStart47
   0052                     260 _Throne_Subsong0DisarkPointerRegionStart47:
   0052 01 48               261 	.word _Throne_Subsong0_RegisterBlock_1
                            262  .globl Throne_Subsong0DisarkPointerRegionEnd47
   0054                     263 Throne_Subsong0DisarkPointerRegionEnd47:
                            264  .globl _Throne_Subsong0DisarkByteRegionStart48
   0054                     265 _Throne_Subsong0DisarkByteRegionStart48:
   0054 10                  266 	.byte 16	; Duration.
                            267  .globl Throne_Subsong0DisarkByteRegionEnd48
   0055                     268 Throne_Subsong0DisarkByteRegionEnd48:
                            269  .globl _Throne_Subsong0DisarkPointerRegionStart49
   0055                     270 _Throne_Subsong0DisarkPointerRegionStart49:
   0055 00 C6               271 	.word _Throne_Subsong0_RegisterBlock_28
                            272  .globl Throne_Subsong0DisarkPointerRegionEnd49
   0057                     273 Throne_Subsong0DisarkPointerRegionEnd49:
                            274  .globl _Throne_Subsong0DisarkByteRegionStart50
   0057                     275 _Throne_Subsong0DisarkByteRegionStart50:
   0057 10                  276 	.byte 16	; Duration.
                            277  .globl Throne_Subsong0DisarkByteRegionEnd50
   0058                     278 Throne_Subsong0DisarkByteRegionEnd50:
                            279  .globl _Throne_Subsong0DisarkPointerRegionStart51
   0058                     280 _Throne_Subsong0DisarkPointerRegionStart51:
   0058 01 B4               281 	.word _Throne_Subsong0_RegisterBlock_23
                            282  .globl Throne_Subsong0DisarkPointerRegionEnd51
   005A                     283 Throne_Subsong0DisarkPointerRegionEnd51:
                            284  .globl _Throne_Subsong0DisarkByteRegionStart52
   005A                     285 _Throne_Subsong0DisarkByteRegionStart52:
   005A 10                  286 	.byte 16	; Duration.
                            287  .globl Throne_Subsong0DisarkByteRegionEnd52
   005B                     288 Throne_Subsong0DisarkByteRegionEnd52:
                            289  .globl _Throne_Subsong0DisarkPointerRegionStart53
   005B                     290 _Throne_Subsong0DisarkPointerRegionStart53:
   005B 01 DF               291 	.word _Throne_Subsong0_RegisterBlock_24
                            292  .globl Throne_Subsong0DisarkPointerRegionEnd53
   005D                     293 Throne_Subsong0DisarkPointerRegionEnd53:
                            294  .globl _Throne_Subsong0DisarkByteRegionStart54
   005D                     295 _Throne_Subsong0DisarkByteRegionStart54:
   005D 10                  296 	.byte 16	; Duration.
                            297  .globl Throne_Subsong0DisarkByteRegionEnd54
   005E                     298 Throne_Subsong0DisarkByteRegionEnd54:
                            299  .globl _Throne_Subsong0DisarkPointerRegionStart55
   005E                     300 _Throne_Subsong0DisarkPointerRegionStart55:
   005E 00 C6               301 	.word _Throne_Subsong0_RegisterBlock_28
                            302  .globl Throne_Subsong0DisarkPointerRegionEnd55
   0060                     303 Throne_Subsong0DisarkPointerRegionEnd55:
                            304  .globl _Throne_Subsong0DisarkByteRegionStart56
   0060                     305 _Throne_Subsong0DisarkByteRegionStart56:
   0060 10                  306 	.byte 16	; Duration.
                            307  .globl Throne_Subsong0DisarkByteRegionEnd56
   0061                     308 Throne_Subsong0DisarkByteRegionEnd56:
                            309  .globl _Throne_Subsong0DisarkPointerRegionStart57
   0061                     310 _Throne_Subsong0DisarkPointerRegionStart57:
   0061 01 78               311 	.word _Throne_Subsong0_RegisterBlock_2
                            312  .globl Throne_Subsong0DisarkPointerRegionEnd57
   0063                     313 Throne_Subsong0DisarkPointerRegionEnd57:
                            314  .globl _Throne_Subsong0DisarkByteRegionStart58
   0063                     315 _Throne_Subsong0DisarkByteRegionStart58:
   0063 10                  316 	.byte 16	; Duration.
                            317  .globl Throne_Subsong0DisarkByteRegionEnd58
   0064                     318 Throne_Subsong0DisarkByteRegionEnd58:
                            319  .globl _Throne_Subsong0DisarkPointerRegionStart59
   0064                     320 _Throne_Subsong0DisarkPointerRegionStart59:
   0064 00 74               321 	.word _Throne_Subsong0_RegisterBlock_12
                            322  .globl Throne_Subsong0DisarkPointerRegionEnd59
   0066                     323 Throne_Subsong0DisarkPointerRegionEnd59:
                            324  .globl _Throne_Subsong0DisarkByteRegionStart60
   0066                     325 _Throne_Subsong0DisarkByteRegionStart60:
   0066 20                  326 	.byte 32	; Duration.
                            327  .globl Throne_Subsong0DisarkByteRegionEnd60
   0067                     328 Throne_Subsong0DisarkByteRegionEnd60:
                            329  .globl _Throne_Subsong0DisarkPointerRegionStart61
   0067                     330 _Throne_Subsong0DisarkPointerRegionStart61:
   0067 00 C6               331 	.word _Throne_Subsong0_RegisterBlock_28
                            332  .globl Throne_Subsong0DisarkPointerRegionEnd61
   0069                     333 Throne_Subsong0DisarkPointerRegionEnd61:
                            334  .globl Throne_Subsong0_Track_2
   0069                     335 Throne_Subsong0_Track_2:
                            336  .globl _Throne_Subsong0DisarkByteRegionStart62
   0069                     337 _Throne_Subsong0DisarkByteRegionStart62:
   0069 FF                  338 	.byte 255	; Duration.
                            339  .globl Throne_Subsong0DisarkByteRegionEnd62
   006A                     340 Throne_Subsong0DisarkByteRegionEnd62:
                            341  .globl _Throne_Subsong0DisarkPointerRegionStart63
   006A                     342 _Throne_Subsong0DisarkPointerRegionStart63:
   006A 00 6F               343 	.word _Throne_Subsong0_RegisterBlock_30
                            344  .globl Throne_Subsong0DisarkPointerRegionEnd63
   006C                     345 Throne_Subsong0DisarkPointerRegionEnd63:
                            346  .globl _Throne_Subsong0DisarkByteRegionStart64
   006C                     347 _Throne_Subsong0DisarkByteRegionStart64:
   006C F1                  348 	.byte 241	; Duration.
                            349  .globl Throne_Subsong0DisarkByteRegionEnd64
   006D                     350 Throne_Subsong0DisarkByteRegionEnd64:
                            351  .globl _Throne_Subsong0DisarkPointerRegionStart65
   006D                     352 _Throne_Subsong0DisarkPointerRegionStart65:
   006D 00 6F               353 	.word _Throne_Subsong0_RegisterBlock_30
                            354  .globl Throne_Subsong0DisarkPointerRegionEnd65
   006F                     355 Throne_Subsong0DisarkPointerRegionEnd65:
                            356 ; The RegisterBlocks.
                            357  .globl Throne_Subsong0DisarkByteRegionStart66
   006F                     358 Throne_Subsong0DisarkByteRegionStart66:
                            359  .globl _Throne_Subsong0_RegisterBlock_30
   006F                     360 _Throne_Subsong0_RegisterBlock_30:
   006F 00                  361 	.byte 0	; Initial State: no software, no hardware.
                            362  .globl _Throne_Subsong0_RegisterBlock_30_Loop
   0070                     363 _Throne_Subsong0_RegisterBlock_30_Loop:
   0070 04                  364 	.byte 4	; Non-initial State, no software no hardware.
   0071 08                  365 	.byte 8	; Loop to index 1.
                            366  .globl _Throne_Subsong0DisarkPointerRegionStart67
   0072                     367 _Throne_Subsong0DisarkPointerRegionStart67:
   0072 00 70               368 	.word _Throne_Subsong0_RegisterBlock_30_Loop
                            369  .globl Throne_Subsong0DisarkPointerRegionEnd67
   0074                     370 Throne_Subsong0DisarkPointerRegionEnd67:
                            371  .globl _Throne_Subsong0_RegisterBlock_12
   0074                     372 _Throne_Subsong0_RegisterBlock_12:
   0074 79                  373 	.byte 121	; Initial State: software only.
   0075 72 04               374 	.byte 114, 4	; Software period.
   0077 FD                  375 	.byte 253	; Non-initial State, software only.
   0078 F7                  376 	.byte 247	; New LSB for software period.
   0079 02                  377 	.byte 2	; New MSB for software period, maybe with noise.
   007A 79                  378 	.byte 121	; Non-initial State, software only.
   007B 39                  379 	.byte 57	; New LSB for software period.
   007C F9                  380 	.byte 249	; Non-initial State, software only.
   007D 72                  381 	.byte 114	; New LSB for software period.
   007E 04                  382 	.byte 4	; New MSB for software period, maybe with noise.
   007F F5                  383 	.byte 245	; Non-initial State, software only.
   0080 F7                  384 	.byte 247	; New LSB for software period.
   0081 02                  385 	.byte 2	; New MSB for software period, maybe with noise.
   0082 75                  386 	.byte 117	; Non-initial State, software only.
   0083 39                  387 	.byte 57	; New LSB for software period.
   0084 F1                  388 	.byte 241	; Non-initial State, software only.
   0085 72                  389 	.byte 114	; New LSB for software period.
   0086 04                  390 	.byte 4	; New MSB for software period, maybe with noise.
   0087 F1                  391 	.byte 241	; Non-initial State, software only.
   0088 F7                  392 	.byte 247	; New LSB for software period.
   0089 02                  393 	.byte 2	; New MSB for software period, maybe with noise.
   008A 6D                  394 	.byte 109	; Non-initial State, software only.
   008B 39                  395 	.byte 57	; New LSB for software period.
   008C ED                  396 	.byte 237	; Non-initial State, software only.
   008D 72                  397 	.byte 114	; New LSB for software period.
   008E 04                  398 	.byte 4	; New MSB for software period, maybe with noise.
   008F E9                  399 	.byte 233	; Non-initial State, software only.
   0090 F7                  400 	.byte 247	; New LSB for software period.
   0091 02                  401 	.byte 2	; New MSB for software period, maybe with noise.
   0092 69                  402 	.byte 105	; Non-initial State, software only.
   0093 39                  403 	.byte 57	; New LSB for software period.
   0094 E5                  404 	.byte 229	; Non-initial State, software only.
   0095 72                  405 	.byte 114	; New LSB for software period.
   0096 04                  406 	.byte 4	; New MSB for software period, maybe with noise.
   0097 E5                  407 	.byte 229	; Non-initial State, software only.
   0098 F7                  408 	.byte 247	; New LSB for software period.
   0099 02                  409 	.byte 2	; New MSB for software period, maybe with noise.
   009A 61                  410 	.byte 97	; Non-initial State, software only.
   009B 39                  411 	.byte 57	; New LSB for software period.
   009C E1                  412 	.byte 225	; Non-initial State, software only.
   009D 72                  413 	.byte 114	; New LSB for software period.
   009E 04                  414 	.byte 4	; New MSB for software period, maybe with noise.
   009F DD                  415 	.byte 221	; Non-initial State, software only.
   00A0 F7                  416 	.byte 247	; New LSB for software period.
   00A1 02                  417 	.byte 2	; New MSB for software period, maybe with noise.
   00A2 5D                  418 	.byte 93	; Non-initial State, software only.
   00A3 39                  419 	.byte 57	; New LSB for software period.
   00A4 D9                  420 	.byte 217	; Non-initial State, software only.
   00A5 72                  421 	.byte 114	; New LSB for software period.
   00A6 04                  422 	.byte 4	; New MSB for software period, maybe with noise.
   00A7 D9                  423 	.byte 217	; Non-initial State, software only.
   00A8 F7                  424 	.byte 247	; New LSB for software period.
   00A9 02                  425 	.byte 2	; New MSB for software period, maybe with noise.
   00AA 55                  426 	.byte 85	; Non-initial State, software only.
   00AB 39                  427 	.byte 57	; New LSB for software period.
   00AC D5                  428 	.byte 213	; Non-initial State, software only.
   00AD 72                  429 	.byte 114	; New LSB for software period.
   00AE 04                  430 	.byte 4	; New MSB for software period, maybe with noise.
   00AF D1                  431 	.byte 209	; Non-initial State, software only.
   00B0 F7                  432 	.byte 247	; New LSB for software period.
   00B1 02                  433 	.byte 2	; New MSB for software period, maybe with noise.
   00B2 51                  434 	.byte 81	; Non-initial State, software only.
   00B3 39                  435 	.byte 57	; New LSB for software period.
   00B4 CD                  436 	.byte 205	; Non-initial State, software only.
   00B5 72                  437 	.byte 114	; New LSB for software period.
   00B6 04                  438 	.byte 4	; New MSB for software period, maybe with noise.
   00B7 CD                  439 	.byte 205	; Non-initial State, software only.
   00B8 F7                  440 	.byte 247	; New LSB for software period.
   00B9 02                  441 	.byte 2	; New MSB for software period, maybe with noise.
   00BA 49                  442 	.byte 73	; Non-initial State, software only.
   00BB 39                  443 	.byte 57	; New LSB for software period.
   00BC C9                  444 	.byte 201	; Non-initial State, software only.
   00BD 72                  445 	.byte 114	; New LSB for software period.
   00BE 04                  446 	.byte 4	; New MSB for software period, maybe with noise.
   00BF C5                  447 	.byte 197	; Non-initial State, software only.
   00C0 F7                  448 	.byte 247	; New LSB for software period.
   00C1 02                  449 	.byte 2	; New MSB for software period, maybe with noise.
   00C2 45                  450 	.byte 69	; Non-initial State, software only.
   00C3 39                  451 	.byte 57	; New LSB for software period.
   00C4 04                  452 	.byte 4	; Non-initial State, no software no hardware.
   00C5 04                  453 	.byte 4	; Non-initial State, no software no hardware.
                            454  .globl _Throne_Subsong0_RegisterBlock_28
   00C6                     455 _Throne_Subsong0_RegisterBlock_28:
   00C6 79                  456 	.byte 121	; Initial State: software only.
   00C7 32 04               457 	.byte 50, 4	; Software period.
   00C9 FD                  458 	.byte 253	; Non-initial State, software only.
   00CA CD                  459 	.byte 205	; New LSB for software period.
   00CB 02                  460 	.byte 2	; New MSB for software period, maybe with noise.
   00CC 79                  461 	.byte 121	; Non-initial State, software only.
   00CD 19                  462 	.byte 25	; New LSB for software period.
   00CE F9                  463 	.byte 249	; Non-initial State, software only.
   00CF 32                  464 	.byte 50	; New LSB for software period.
   00D0 04                  465 	.byte 4	; New MSB for software period, maybe with noise.
   00D1 F5                  466 	.byte 245	; Non-initial State, software only.
   00D2 CD                  467 	.byte 205	; New LSB for software period.
   00D3 02                  468 	.byte 2	; New MSB for software period, maybe with noise.
   00D4 75                  469 	.byte 117	; Non-initial State, software only.
   00D5 19                  470 	.byte 25	; New LSB for software period.
   00D6 F1                  471 	.byte 241	; Non-initial State, software only.
   00D7 32                  472 	.byte 50	; New LSB for software period.
   00D8 04                  473 	.byte 4	; New MSB for software period, maybe with noise.
   00D9 F1                  474 	.byte 241	; Non-initial State, software only.
   00DA CD                  475 	.byte 205	; New LSB for software period.
   00DB 02                  476 	.byte 2	; New MSB for software period, maybe with noise.
   00DC 6D                  477 	.byte 109	; Non-initial State, software only.
   00DD 19                  478 	.byte 25	; New LSB for software period.
   00DE ED                  479 	.byte 237	; Non-initial State, software only.
   00DF 32                  480 	.byte 50	; New LSB for software period.
   00E0 04                  481 	.byte 4	; New MSB for software period, maybe with noise.
   00E1 E9                  482 	.byte 233	; Non-initial State, software only.
   00E2 CD                  483 	.byte 205	; New LSB for software period.
   00E3 02                  484 	.byte 2	; New MSB for software period, maybe with noise.
   00E4 69                  485 	.byte 105	; Non-initial State, software only.
   00E5 19                  486 	.byte 25	; New LSB for software period.
   00E6 E5                  487 	.byte 229	; Non-initial State, software only.
   00E7 32                  488 	.byte 50	; New LSB for software period.
   00E8 04                  489 	.byte 4	; New MSB for software period, maybe with noise.
   00E9 E5                  490 	.byte 229	; Non-initial State, software only.
   00EA CD                  491 	.byte 205	; New LSB for software period.
   00EB 02                  492 	.byte 2	; New MSB for software period, maybe with noise.
   00EC 61                  493 	.byte 97	; Non-initial State, software only.
   00ED 19                  494 	.byte 25	; New LSB for software period.
   00EE E1                  495 	.byte 225	; Non-initial State, software only.
   00EF 32                  496 	.byte 50	; New LSB for software period.
   00F0 04                  497 	.byte 4	; New MSB for software period, maybe with noise.
   00F1 DD                  498 	.byte 221	; Non-initial State, software only.
   00F2 CD                  499 	.byte 205	; New LSB for software period.
   00F3 02                  500 	.byte 2	; New MSB for software period, maybe with noise.
   00F4 5D                  501 	.byte 93	; Non-initial State, software only.
   00F5 19                  502 	.byte 25	; New LSB for software period.
   00F6 D9                  503 	.byte 217	; Non-initial State, software only.
   00F7 32                  504 	.byte 50	; New LSB for software period.
   00F8 04                  505 	.byte 4	; New MSB for software period, maybe with noise.
   00F9 D9                  506 	.byte 217	; Non-initial State, software only.
   00FA CD                  507 	.byte 205	; New LSB for software period.
   00FB 02                  508 	.byte 2	; New MSB for software period, maybe with noise.
   00FC 55                  509 	.byte 85	; Non-initial State, software only.
   00FD 19                  510 	.byte 25	; New LSB for software period.
   00FE D5                  511 	.byte 213	; Non-initial State, software only.
   00FF 32                  512 	.byte 50	; New LSB for software period.
   0100 04                  513 	.byte 4	; New MSB for software period, maybe with noise.
   0101 D1                  514 	.byte 209	; Non-initial State, software only.
   0102 CD                  515 	.byte 205	; New LSB for software period.
   0103 02                  516 	.byte 2	; New MSB for software period, maybe with noise.
   0104 51                  517 	.byte 81	; Non-initial State, software only.
   0105 19                  518 	.byte 25	; New LSB for software period.
   0106 CD                  519 	.byte 205	; Non-initial State, software only.
   0107 32                  520 	.byte 50	; New LSB for software period.
   0108 04                  521 	.byte 4	; New MSB for software period, maybe with noise.
   0109 CD                  522 	.byte 205	; Non-initial State, software only.
   010A CD                  523 	.byte 205	; New LSB for software period.
   010B 02                  524 	.byte 2	; New MSB for software period, maybe with noise.
   010C 49                  525 	.byte 73	; Non-initial State, software only.
   010D 19                  526 	.byte 25	; New LSB for software period.
   010E C9                  527 	.byte 201	; Non-initial State, software only.
   010F 32                  528 	.byte 50	; New LSB for software period.
   0110 04                  529 	.byte 4	; New MSB for software period, maybe with noise.
   0111 C5                  530 	.byte 197	; Non-initial State, software only.
   0112 CD                  531 	.byte 205	; New LSB for software period.
   0113 02                  532 	.byte 2	; New MSB for software period, maybe with noise.
   0114 45                  533 	.byte 69	; Non-initial State, software only.
   0115 19                  534 	.byte 25	; New LSB for software period.
   0116 04                  535 	.byte 4	; Non-initial State, no software no hardware.
   0117 04                  536 	.byte 4	; Non-initial State, no software no hardware.
                            537  .globl _Throne_Subsong0_RegisterBlock_0
   0118                     538 _Throne_Subsong0_RegisterBlock_0:
   0118 79                  539 	.byte 121	; Initial State: software only.
   0119 EF 05               540 	.byte 239, 5	; Software period.
   011B FD                  541 	.byte 253	; Non-initial State, software only.
   011C F6                  542 	.byte 246	; New LSB for software period.
   011D 03                  543 	.byte 3	; New MSB for software period, maybe with noise.
   011E F9                  544 	.byte 249	; Non-initial State, software only.
   011F F7                  545 	.byte 247	; New LSB for software period.
   0120 02                  546 	.byte 2	; New MSB for software period, maybe with noise.
   0121 F9                  547 	.byte 249	; Non-initial State, software only.
   0122 EF                  548 	.byte 239	; New LSB for software period.
   0123 05                  549 	.byte 5	; New MSB for software period, maybe with noise.
   0124 F5                  550 	.byte 245	; Non-initial State, software only.
   0125 F6                  551 	.byte 246	; New LSB for software period.
   0126 03                  552 	.byte 3	; New MSB for software period, maybe with noise.
   0127 F5                  553 	.byte 245	; Non-initial State, software only.
   0128 F7                  554 	.byte 247	; New LSB for software period.
   0129 02                  555 	.byte 2	; New MSB for software period, maybe with noise.
   012A F1                  556 	.byte 241	; Non-initial State, software only.
   012B EF                  557 	.byte 239	; New LSB for software period.
   012C 05                  558 	.byte 5	; New MSB for software period, maybe with noise.
   012D F1                  559 	.byte 241	; Non-initial State, software only.
   012E F6                  560 	.byte 246	; New LSB for software period.
   012F 03                  561 	.byte 3	; New MSB for software period, maybe with noise.
   0130 ED                  562 	.byte 237	; Non-initial State, software only.
   0131 F7                  563 	.byte 247	; New LSB for software period.
   0132 02                  564 	.byte 2	; New MSB for software period, maybe with noise.
   0133 ED                  565 	.byte 237	; Non-initial State, software only.
   0134 EF                  566 	.byte 239	; New LSB for software period.
   0135 05                  567 	.byte 5	; New MSB for software period, maybe with noise.
   0136 E9                  568 	.byte 233	; Non-initial State, software only.
   0137 F6                  569 	.byte 246	; New LSB for software period.
   0138 03                  570 	.byte 3	; New MSB for software period, maybe with noise.
   0139 E9                  571 	.byte 233	; Non-initial State, software only.
   013A F7                  572 	.byte 247	; New LSB for software period.
   013B 02                  573 	.byte 2	; New MSB for software period, maybe with noise.
   013C E5                  574 	.byte 229	; Non-initial State, software only.
   013D EF                  575 	.byte 239	; New LSB for software period.
   013E 05                  576 	.byte 5	; New MSB for software period, maybe with noise.
   013F E5                  577 	.byte 229	; Non-initial State, software only.
   0140 F6                  578 	.byte 246	; New LSB for software period.
   0141 03                  579 	.byte 3	; New MSB for software period, maybe with noise.
   0142 E1                  580 	.byte 225	; Non-initial State, software only.
   0143 F7                  581 	.byte 247	; New LSB for software period.
   0144 02                  582 	.byte 2	; New MSB for software period, maybe with noise.
   0145 E1                  583 	.byte 225	; Non-initial State, software only.
   0146 EF                  584 	.byte 239	; New LSB for software period.
   0147 05                  585 	.byte 5	; New MSB for software period, maybe with noise.
                            586  .globl _Throne_Subsong0_RegisterBlock_1
   0148                     587 _Throne_Subsong0_RegisterBlock_1:
   0148 79                  588 	.byte 121	; Initial State: software only.
   0149 99 05               589 	.byte 153, 5	; Software period.
   014B FD                  590 	.byte 253	; Non-initial State, software only.
   014C BD                  591 	.byte 189	; New LSB for software period.
   014D 03                  592 	.byte 3	; New MSB for software period, maybe with noise.
   014E F9                  593 	.byte 249	; Non-initial State, software only.
   014F CD                  594 	.byte 205	; New LSB for software period.
   0150 02                  595 	.byte 2	; New MSB for software period, maybe with noise.
   0151 F9                  596 	.byte 249	; Non-initial State, software only.
   0152 99                  597 	.byte 153	; New LSB for software period.
   0153 05                  598 	.byte 5	; New MSB for software period, maybe with noise.
   0154 F5                  599 	.byte 245	; Non-initial State, software only.
   0155 BD                  600 	.byte 189	; New LSB for software period.
   0156 03                  601 	.byte 3	; New MSB for software period, maybe with noise.
   0157 F5                  602 	.byte 245	; Non-initial State, software only.
   0158 CD                  603 	.byte 205	; New LSB for software period.
   0159 02                  604 	.byte 2	; New MSB for software period, maybe with noise.
   015A F1                  605 	.byte 241	; Non-initial State, software only.
   015B 99                  606 	.byte 153	; New LSB for software period.
   015C 05                  607 	.byte 5	; New MSB for software period, maybe with noise.
   015D F1                  608 	.byte 241	; Non-initial State, software only.
   015E BD                  609 	.byte 189	; New LSB for software period.
   015F 03                  610 	.byte 3	; New MSB for software period, maybe with noise.
   0160 ED                  611 	.byte 237	; Non-initial State, software only.
   0161 CD                  612 	.byte 205	; New LSB for software period.
   0162 02                  613 	.byte 2	; New MSB for software period, maybe with noise.
   0163 ED                  614 	.byte 237	; Non-initial State, software only.
   0164 99                  615 	.byte 153	; New LSB for software period.
   0165 05                  616 	.byte 5	; New MSB for software period, maybe with noise.
   0166 E9                  617 	.byte 233	; Non-initial State, software only.
   0167 BD                  618 	.byte 189	; New LSB for software period.
   0168 03                  619 	.byte 3	; New MSB for software period, maybe with noise.
   0169 E9                  620 	.byte 233	; Non-initial State, software only.
   016A CD                  621 	.byte 205	; New LSB for software period.
   016B 02                  622 	.byte 2	; New MSB for software period, maybe with noise.
   016C E5                  623 	.byte 229	; Non-initial State, software only.
   016D 99                  624 	.byte 153	; New LSB for software period.
   016E 05                  625 	.byte 5	; New MSB for software period, maybe with noise.
   016F E5                  626 	.byte 229	; Non-initial State, software only.
   0170 BD                  627 	.byte 189	; New LSB for software period.
   0171 03                  628 	.byte 3	; New MSB for software period, maybe with noise.
   0172 E1                  629 	.byte 225	; Non-initial State, software only.
   0173 CD                  630 	.byte 205	; New LSB for software period.
   0174 02                  631 	.byte 2	; New MSB for software period, maybe with noise.
   0175 E1                  632 	.byte 225	; Non-initial State, software only.
   0176 99                  633 	.byte 153	; New LSB for software period.
   0177 05                  634 	.byte 5	; New MSB for software period, maybe with noise.
                            635  .globl _Throne_Subsong0_RegisterBlock_2
   0178                     636 _Throne_Subsong0_RegisterBlock_2:
   0178 79                  637 	.byte 121	; Initial State: software only.
   0179 FD 04               638 	.byte 253, 4	; Software period.
   017B FD                  639 	.byte 253	; Non-initial State, software only.
   017C 54                  640 	.byte 84	; New LSB for software period.
   017D 03                  641 	.byte 3	; New MSB for software period, maybe with noise.
   017E F9                  642 	.byte 249	; Non-initial State, software only.
   017F 7E                  643 	.byte 126	; New LSB for software period.
   0180 02                  644 	.byte 2	; New MSB for software period, maybe with noise.
   0181 F9                  645 	.byte 249	; Non-initial State, software only.
   0182 FD                  646 	.byte 253	; New LSB for software period.
   0183 04                  647 	.byte 4	; New MSB for software period, maybe with noise.
   0184 F5                  648 	.byte 245	; Non-initial State, software only.
   0185 54                  649 	.byte 84	; New LSB for software period.
   0186 03                  650 	.byte 3	; New MSB for software period, maybe with noise.
   0187 F5                  651 	.byte 245	; Non-initial State, software only.
   0188 7E                  652 	.byte 126	; New LSB for software period.
   0189 02                  653 	.byte 2	; New MSB for software period, maybe with noise.
   018A F1                  654 	.byte 241	; Non-initial State, software only.
   018B FD                  655 	.byte 253	; New LSB for software period.
   018C 04                  656 	.byte 4	; New MSB for software period, maybe with noise.
   018D F1                  657 	.byte 241	; Non-initial State, software only.
   018E 54                  658 	.byte 84	; New LSB for software period.
   018F 03                  659 	.byte 3	; New MSB for software period, maybe with noise.
   0190 ED                  660 	.byte 237	; Non-initial State, software only.
   0191 7E                  661 	.byte 126	; New LSB for software period.
   0192 02                  662 	.byte 2	; New MSB for software period, maybe with noise.
   0193 ED                  663 	.byte 237	; Non-initial State, software only.
   0194 FD                  664 	.byte 253	; New LSB for software period.
   0195 04                  665 	.byte 4	; New MSB for software period, maybe with noise.
   0196 E9                  666 	.byte 233	; Non-initial State, software only.
   0197 54                  667 	.byte 84	; New LSB for software period.
   0198 03                  668 	.byte 3	; New MSB for software period, maybe with noise.
   0199 E9                  669 	.byte 233	; Non-initial State, software only.
   019A 7E                  670 	.byte 126	; New LSB for software period.
   019B 02                  671 	.byte 2	; New MSB for software period, maybe with noise.
   019C E5                  672 	.byte 229	; Non-initial State, software only.
   019D FD                  673 	.byte 253	; New LSB for software period.
   019E 04                  674 	.byte 4	; New MSB for software period, maybe with noise.
   019F E5                  675 	.byte 229	; Non-initial State, software only.
   01A0 54                  676 	.byte 84	; New LSB for software period.
   01A1 03                  677 	.byte 3	; New MSB for software period, maybe with noise.
   01A2 E1                  678 	.byte 225	; Non-initial State, software only.
   01A3 7E                  679 	.byte 126	; New LSB for software period.
   01A4 02                  680 	.byte 2	; New MSB for software period, maybe with noise.
   01A5 E1                  681 	.byte 225	; Non-initial State, software only.
   01A6 FD                  682 	.byte 253	; New LSB for software period.
   01A7 04                  683 	.byte 4	; New MSB for software period, maybe with noise.
                            684  .globl _Throne_Subsong0_RegisterBlock_3
   01A8                     685 _Throne_Subsong0_RegisterBlock_3:
   01A8 79                  686 	.byte 121	; Initial State: software only.
   01A9 72 04               687 	.byte 114, 4	; Software period.
   01AB 08                  688 	.byte 8
                            689  .globl _Throne_Subsong0DisarkPointerRegionStart68
   01AC                     690 _Throne_Subsong0DisarkPointerRegionStart68:
   01AC 00 77               691 	.word _Throne_Subsong0_RegisterBlock_12 + 3	; Optimization: goto common Block at index 1.
                            692  .globl Throne_Subsong0DisarkPointerRegionEnd68
   01AE                     693 Throne_Subsong0DisarkPointerRegionEnd68:
                            694  .globl _Throne_Subsong0_RegisterBlock_4
   01AE                     695 _Throne_Subsong0_RegisterBlock_4:
   01AE 79                  696 	.byte 121	; Initial State: software only.
   01AF 32 04               697 	.byte 50, 4	; Software period.
   01B1 08                  698 	.byte 8
                            699  .globl _Throne_Subsong0DisarkPointerRegionStart69
   01B2                     700 _Throne_Subsong0DisarkPointerRegionStart69:
   01B2 00 C9               701 	.word _Throne_Subsong0_RegisterBlock_28 + 3	; Optimization: goto common Block at index 1.
                            702  .globl Throne_Subsong0DisarkPointerRegionEnd69
   01B4                     703 Throne_Subsong0DisarkPointerRegionEnd69:
                            704  .globl _Throne_Subsong0_RegisterBlock_23
   01B4                     705 _Throne_Subsong0_RegisterBlock_23:
   01B4 79                  706 	.byte 121	; Initial State: software only.
   01B5 F7 02               707 	.byte 247, 2	; Software period.
   01B7 FD                  708 	.byte 253	; Non-initial State, software only.
   01B8 FB                  709 	.byte 251	; New LSB for software period.
   01B9 01                  710 	.byte 1	; New MSB for software period, maybe with noise.
   01BA 79                  711 	.byte 121	; Non-initial State, software only.
   01BB 7C                  712 	.byte 124	; New LSB for software period.
   01BC F9                  713 	.byte 249	; Non-initial State, software only.
   01BD F7                  714 	.byte 247	; New LSB for software period.
   01BE 02                  715 	.byte 2	; New MSB for software period, maybe with noise.
   01BF F5                  716 	.byte 245	; Non-initial State, software only.
   01C0 FB                  717 	.byte 251	; New LSB for software period.
   01C1 01                  718 	.byte 1	; New MSB for software period, maybe with noise.
   01C2 75                  719 	.byte 117	; Non-initial State, software only.
   01C3 7C                  720 	.byte 124	; New LSB for software period.
   01C4 F1                  721 	.byte 241	; Non-initial State, software only.
   01C5 F7                  722 	.byte 247	; New LSB for software period.
   01C6 02                  723 	.byte 2	; New MSB for software period, maybe with noise.
   01C7 F1                  724 	.byte 241	; Non-initial State, software only.
   01C8 FB                  725 	.byte 251	; New LSB for software period.
   01C9 01                  726 	.byte 1	; New MSB for software period, maybe with noise.
   01CA 6D                  727 	.byte 109	; Non-initial State, software only.
   01CB 7C                  728 	.byte 124	; New LSB for software period.
   01CC ED                  729 	.byte 237	; Non-initial State, software only.
   01CD F7                  730 	.byte 247	; New LSB for software period.
   01CE 02                  731 	.byte 2	; New MSB for software period, maybe with noise.
   01CF E9                  732 	.byte 233	; Non-initial State, software only.
   01D0 FB                  733 	.byte 251	; New LSB for software period.
   01D1 01                  734 	.byte 1	; New MSB for software period, maybe with noise.
   01D2 69                  735 	.byte 105	; Non-initial State, software only.
   01D3 7C                  736 	.byte 124	; New LSB for software period.
   01D4 E5                  737 	.byte 229	; Non-initial State, software only.
   01D5 F7                  738 	.byte 247	; New LSB for software period.
   01D6 02                  739 	.byte 2	; New MSB for software period, maybe with noise.
   01D7 E5                  740 	.byte 229	; Non-initial State, software only.
   01D8 FB                  741 	.byte 251	; New LSB for software period.
   01D9 01                  742 	.byte 1	; New MSB for software period, maybe with noise.
   01DA 61                  743 	.byte 97	; Non-initial State, software only.
   01DB 7C                  744 	.byte 124	; New LSB for software period.
   01DC E1                  745 	.byte 225	; Non-initial State, software only.
   01DD F7                  746 	.byte 247	; New LSB for software period.
   01DE 02                  747 	.byte 2	; New MSB for software period, maybe with noise.
                            748  .globl _Throne_Subsong0_RegisterBlock_24
   01DF                     749 _Throne_Subsong0_RegisterBlock_24:
   01DF 79                  750 	.byte 121	; Initial State: software only.
   01E0 54 03               751 	.byte 84, 3	; Software period.
   01E2 FD                  752 	.byte 253	; Non-initial State, software only.
   01E3 39                  753 	.byte 57	; New LSB for software period.
   01E4 02                  754 	.byte 2	; New MSB for software period, maybe with noise.
   01E5 F9                  755 	.byte 249	; Non-initial State, software only.
   01E6 AA                  756 	.byte 170	; New LSB for software period.
   01E7 01                  757 	.byte 1	; New MSB for software period, maybe with noise.
   01E8 F9                  758 	.byte 249	; Non-initial State, software only.
   01E9 54                  759 	.byte 84	; New LSB for software period.
   01EA 03                  760 	.byte 3	; New MSB for software period, maybe with noise.
   01EB F5                  761 	.byte 245	; Non-initial State, software only.
   01EC 39                  762 	.byte 57	; New LSB for software period.
   01ED 02                  763 	.byte 2	; New MSB for software period, maybe with noise.
   01EE F5                  764 	.byte 245	; Non-initial State, software only.
   01EF AA                  765 	.byte 170	; New LSB for software period.
   01F0 01                  766 	.byte 1	; New MSB for software period, maybe with noise.
   01F1 F1                  767 	.byte 241	; Non-initial State, software only.
   01F2 54                  768 	.byte 84	; New LSB for software period.
   01F3 03                  769 	.byte 3	; New MSB for software period, maybe with noise.
   01F4 F1                  770 	.byte 241	; Non-initial State, software only.
   01F5 39                  771 	.byte 57	; New LSB for software period.
   01F6 02                  772 	.byte 2	; New MSB for software period, maybe with noise.
   01F7 ED                  773 	.byte 237	; Non-initial State, software only.
   01F8 AA                  774 	.byte 170	; New LSB for software period.
   01F9 01                  775 	.byte 1	; New MSB for software period, maybe with noise.
   01FA ED                  776 	.byte 237	; Non-initial State, software only.
   01FB 54                  777 	.byte 84	; New LSB for software period.
   01FC 03                  778 	.byte 3	; New MSB for software period, maybe with noise.
   01FD E9                  779 	.byte 233	; Non-initial State, software only.
   01FE 39                  780 	.byte 57	; New LSB for software period.
   01FF 02                  781 	.byte 2	; New MSB for software period, maybe with noise.
   0200 E9                  782 	.byte 233	; Non-initial State, software only.
   0201 AA                  783 	.byte 170	; New LSB for software period.
   0202 01                  784 	.byte 1	; New MSB for software period, maybe with noise.
   0203 E5                  785 	.byte 229	; Non-initial State, software only.
   0204 54                  786 	.byte 84	; New LSB for software period.
   0205 03                  787 	.byte 3	; New MSB for software period, maybe with noise.
   0206 E5                  788 	.byte 229	; Non-initial State, software only.
   0207 39                  789 	.byte 57	; New LSB for software period.
   0208 02                  790 	.byte 2	; New MSB for software period, maybe with noise.
   0209 E1                  791 	.byte 225	; Non-initial State, software only.
   020A AA                  792 	.byte 170	; New LSB for software period.
   020B 01                  793 	.byte 1	; New MSB for software period, maybe with noise.
   020C E1                  794 	.byte 225	; Non-initial State, software only.
   020D 54                  795 	.byte 84	; New LSB for software period.
   020E 03                  796 	.byte 3	; New MSB for software period, maybe with noise.
                            797  .globl _Throne_Subsong0DisarkByteRegionEnd66
   020F                     798 _Throne_Subsong0DisarkByteRegionEnd66:
ASxxxx Assembler V05.00  (Motorola 6809), page 1.
Hexidecimal [16-Bits]

Symbol Table

    .__.$$$.       =   2710 L   |     .__.ABS.       =   0000 G
    .__.CPU.       =   0000 L   |     .__.H$L.       =   0001 L
  2 Throne_Subsong     0000 GR  |   2 Throne_Subsong     0006 GR
  2 Throne_Subsong     001C GR  |   2 Throne_Subsong     001F GR
  2 Throne_Subsong     0022 GR  |   2 Throne_Subsong     0025 GR
  2 Throne_Subsong     0028 GR  |   2 Throne_Subsong     002B GR
  2 Throne_Subsong     002E GR  |   2 Throne_Subsong     0031 GR
  2 Throne_Subsong     0034 GR  |   2 Throne_Subsong     0037 GR
  2 Throne_Subsong     003A GR  |   2 Throne_Subsong     003D GR
  2 Throne_Subsong     0040 GR  |   2 Throne_Subsong     0043 GR
  2 Throne_Subsong     0046 GR  |   2 Throne_Subsong     0013 GR
  2 Throne_Subsong     0049 GR  |   2 Throne_Subsong     004C GR
  2 Throne_Subsong     004F GR  |   2 Throne_Subsong     0052 GR
  2 Throne_Subsong     0055 GR  |   2 Throne_Subsong     0058 GR
  2 Throne_Subsong     005B GR  |   2 Throne_Subsong     005E GR
  2 Throne_Subsong     0061 GR  |   2 Throne_Subsong     0064 GR
  2 Throne_Subsong     0016 GR  |   2 Throne_Subsong     0067 GR
  2 Throne_Subsong     006A GR  |   2 Throne_Subsong     006D GR
  2 Throne_Subsong     0019 GR  |   2 Throne_Subsong     006F GR
  2 Throne_Subsong     0000 GR  |   2 Throne_Subsong     0012 GR
  2 Throne_Subsong     001E GR  |   2 Throne_Subsong     0021 GR
  2 Throne_Subsong     0024 GR  |   2 Throne_Subsong     0027 GR
  2 Throne_Subsong     002A GR  |   2 Throne_Subsong     002D GR
  2 Throne_Subsong     0030 GR  |   2 Throne_Subsong     0033 GR
  2 Throne_Subsong     0036 GR  |   2 Throne_Subsong     0039 GR
  2 Throne_Subsong     003C GR  |   2 Throne_Subsong     003F GR
  2 Throne_Subsong     0042 GR  |   2 Throne_Subsong     0045 GR
  2 Throne_Subsong     0048 GR  |   2 Throne_Subsong     004B GR
  2 Throne_Subsong     004E GR  |   2 Throne_Subsong     0051 GR
  2 Throne_Subsong     0054 GR  |   2 Throne_Subsong     0057 GR
  2 Throne_Subsong     0015 GR  |   2 Throne_Subsong     005A GR
  2 Throne_Subsong     005D GR  |   2 Throne_Subsong     0060 GR
  2 Throne_Subsong     0063 GR  |   2 Throne_Subsong     0066 GR
  2 Throne_Subsong     0069 GR  |   2 Throne_Subsong     006C GR
  2 Throne_Subsong     006F GR  |   2 Throne_Subsong     0074 GR
  2 Throne_Subsong     01AE GR  |   2 Throne_Subsong     01B4 GR
  2 Throne_Subsong     0018 GR  |   2 Throne_Subsong     001B GR
  2 Throne_Subsong     0006 GR  |   2 Throne_Subsong     0006 GR
  2 Throne_Subsong     0006 GR  |   2 Throne_Subsong     0012 GR
  2 Throne_Subsong     0069 GR  |   2 _Throne_Subson     020F GR
  2 _Throne_Subson     0000 GR  |   2 _Throne_Subson     001B GR
  2 _Throne_Subson     001E GR  |   2 _Throne_Subson     0021 GR
  2 _Throne_Subson     0024 GR  |   2 _Throne_Subson     0027 GR
  2 _Throne_Subson     002A GR  |   2 _Throne_Subson     002D GR
  2 _Throne_Subson     0030 GR  |   2 _Throne_Subson     0033 GR
  2 _Throne_Subson     0036 GR  |   2 _Throne_Subson     0039 GR
  2 _Throne_Subson     003C GR  |   2 _Throne_Subson     003F GR
  2 _Throne_Subson     0042 GR  |   2 _Throne_Subson     0045 GR
  2 _Throne_Subson     0012 GR  |   2 _Throne_Subson     0048 GR
  2 _Throne_Subson     004B GR  |   2 _Throne_Subson     004E GR
  2 _Throne_Subson     0051 GR  |   2 _Throne_Subson     0054 GR
  2 _Throne_Subson     0057 GR  |   2 _Throne_Subson     005A GR
  2 _Throne_Subson     005D GR  |   2 _Throne_Subson     0060 GR
  2 _Throne_Subson     0063 GR  |   2 _Throne_Subson     0015 GR
  2 _Throne_Subson     0066 GR  |   2 _Throne_Subson     0069 GR
  2 _Throne_Subson     006C GR  |   2 _Throne_Subson     0018 GR
  2 _Throne_Subson     001C GR  |   2 _Throne_Subson     001F GR
  2 _Throne_Subson     0022 GR  |   2 _Throne_Subson     0025 GR
  2 _Throne_Subson     0028 GR  |   2 _Throne_Subson     002B GR
  2 _Throne_Subson     002E GR  |   2 _Throne_Subson     0031 GR
  2 _Throne_Subson     0034 GR  |   2 _Throne_Subson     0037 GR
  2 _Throne_Subson     003A GR  |   2 _Throne_Subson     003D GR
  2 _Throne_Subson     0040 GR  |   2 _Throne_Subson     0043 GR
  2 _Throne_Subson     0046 GR  |   2 _Throne_Subson     0049 GR
  2 _Throne_Subson     004C GR  |   2 _Throne_Subson     004F GR
  2 _Throne_Subson     0052 GR  |   2 _Throne_Subson     0055 GR
  2 _Throne_Subson     0013 GR  |   2 _Throne_Subson     0058 GR
  2 _Throne_Subson     005B GR  |   2 _Throne_Subson     005E GR
  2 _Throne_Subson     0061 GR  |   2 _Throne_Subson     0064 GR
  2 _Throne_Subson     0067 GR  |   2 _Throne_Subson     006A GR
  2 _Throne_Subson     006D GR  |   2 _Throne_Subson     0072 GR
  2 _Throne_Subson     01AC GR  |   2 _Throne_Subson     01B2 GR
  2 _Throne_Subson     0016 GR  |   2 _Throne_Subson     0019 GR
  2 _Throne_Subson     0006 GR  |   2 _Throne_Subson     000E GR
  2 _Throne_Subson     0118 GR  |   2 _Throne_Subson     0148 GR
  2 _Throne_Subson     0074 GR  |   2 _Throne_Subson     0178 GR
  2 _Throne_Subson     01B4 GR  |   2 _Throne_Subson     01DF GR
  2 _Throne_Subson     00C6 GR  |   2 _Throne_Subson     01A8 GR
  2 _Throne_Subson     006F GR  |   2 _Throne_Subson     0070 GR
  2 _Throne_Subson     01AE GR

ASxxxx Assembler V05.00  (Motorola 6809), page 2.
Hexidecimal [16-Bits]

Area Table

[_CSEG]
   0 _CODE            size    0   flags C080
   2 .text            size  20F   flags  100
[_DSEG]
   1 _DATA            size    0   flags C0C0

